1769205988,,,D:\MOVIES\The Tragedy Of Macbeth (2021) [720p]\The.Tragedy.Of.Macbeth.2021.720p.mp4,96
1769206152,,,D:\MOVIES\The Tragedy Of Macbeth (2021) [720p]\The.Tragedy.Of.Macbeth.2021.720p.mp4,96
1769206262,,,D:\MOVIES\The Tragedy Of Macbeth (2021) [720p]\The.Tragedy.Of.Macbeth.2021.720p.mp4,96
1769206404,,,D:\MOVIES\The Tragedy Of Macbeth (2021) [720p]\The.Tragedy.Of.Macbeth.2021.720p.mp4,96
1769206740,,,D:\MOVIES\The Tragedy Of Macbeth (2021) [720p]\The.Tragedy.Of.Macbeth.2021.720p.mp4,96
1769207292,,,D:\MOVIES\The Tragedy Of Macbeth (2021) [720p]\The.Tragedy.Of.Macbeth.2021.720p.mp4,96
1769207306,,,D:\MOVIES\The Tragedy Of Macbeth (2021) [720p]\The.Tragedy.Of.Macbeth.2021.720p.mp4,96
1769213119,,,D:\MOVIES\TradingMovies\Too Big To Fail (2011) [BluRay] [720p] [YTS.AM]\Too.Big.To.Fail.2011.720p.BluRay.x264-[YTS.AM].mp4,135
1769220885,,,D:\MOVIES\TradingMovies\Equity (2016) [YTS.AG]\Equity.2016.720p.BluRay.x264-[YTS.AG].mp4,101
1769277412,,,C:\Users\ahm_e\Downloads\كُنت لو شُفتِك بآمِن..إن فيكي الحُب كامِن - طارق عادل by أحــمد صـبـّار.ts,168
1769350953,135,El Waili & Khateeb - HALAK W HALY (Official Video) | الوايلي وخطيب - حالك وحالي (مسلسل ظلم المصطبه),https://www.youtube.com/watch?v=NrIeHk1K3D0&list=RDNrIeHk1K3D0&start_radio=1,227
1769388540,,,C:\Users\ahm_e\Downloads\مشاهدة فيلم 6 ايام كامل اون لاين HD_2.ts,103
1769388744,,,C:\Users\ahm_e\Downloads\كُنت لو شُفتِك بآمِن..إن فيكي الحُب كامِن - طارق عادل by أحــمد صـبـّار.mp3,169
1769389158,,,C:\Users\ahm_e\Downloads\مشاهدة فيلم 6 ايام 2025.mp4,79
1769504416,118,كيف بنيت مستشاراً قانونياً "يفكر ويجادل" في 10 دقائق؟ (تجربة عملية),https://www.youtube.com/watch?v=Xa93QZqtFvk,177
1769505526,98,تحليل فيلم طيور الظلام من عنيا - كيف يرى مصر حتى الان ؟!,https://www.youtube.com/watch?v=2SjBGi1A-bg,156
1769510094,52,Design of LLC Resonant Converter | Power Electronics,D:\YouTube_Videos\NA\Design of LLC Resonant Converter ｜ Power Electronics.mp4,146
1769510123,98,تحليل فيلم طيور الظلام من عنيا - كيف يرى مصر حتى الان ؟!,D:\YouTube_Videos\NA\تحليل فيلم طيور الظلام من عنيا - كيف يرى مصر حتى الان ؟!.mp4,236
1769510132,98,تحليل فيلم طيور الظلام من عنيا - كيف يرى مصر حتى الان ؟!,D:\YouTube_Videos\NA\تحليل فيلم طيور الظلام من عنيا - كيف يرى مصر حتى الان ؟!.mp4,236
1769510610,,,G:\My Drive\Media-hoppies\Backup_movies\Movies-Ar\Watch [Emotionvideo Tv] Okhwa Daa 1974 1080p Rotana WEB EaMTN.mp4,128
1769510625,,,G:\My Drive\Media-hoppies\Backup_movies\Movies-Ar\Watch iT! - البيضه و الحجر.mp4,105
1769510817,52,Design of LLC Resonant Converter | Power Electronics,D:\YouTube_Videos\NA\Design of LLC Resonant Converter ｜ Power Electronics.mp4,146
1769510825,30,فيلم طيور الظلام,D:\YouTube_Videos\NA\فيلم طيور الظلام.mp4,100
1769510848,30,فيلم طيور الظلام,G:\My Drive\Media-hoppies\Backup_movies\Movies-Ar\BlackBirds\فيلم طيور الظلام.mp4,140
1769550776,,,C:\Users\ahm_e\Downloads\Baby born now  #babyfirstbreath.mp4,73
1769550799,,,C:\Users\ahm_e\Downloads\film6days.mp4,51
1769550809,,,C:\Users\ahm_e\Downloads\Baby born now  #babyfirstbreath.mp4,73
1769550842,,,C:\Users\ahm_e\Downloads\film6days.mp4,51
1769550847,,,C:\Users\ahm_e\Downloads\Baby born now  #babyfirstbreath.mp4,73
1769550851,,,C:\Users\ahm_e\Downloads\film6days.mp4,51
1769550856,,,C:\Users\ahm_e\Downloads\Baby born now  #babyfirstbreath.mp4,73
1769560211,52,Design of LLC Resonant Converter | Power Electronics,D:\YouTube_Videos\NA\Design of LLC Resonant Converter ｜ Power Electronics.mp4,146
1769560217,175,من القاهرة 2026/1/26 القوات الجوية فى القيادة الوسطى الأمريكية : سنجرى مناورات لعدة أيام لنشر قواتنا,D:\YouTube_Videos\NA\من القاهرة 2026⧸1⧸26 القوات الجوية فى القيادة الوسطى الأمريكية ： سنجرى مناورات لعدة أيام لنشر قواتنا.mp4,397
1769629783,,,C:\Users\ahm_e\Downloads\film6days.mp4,51
1769629809,,,C:\Users\ahm_e\Downloads\كُنت لو شُفتِك بآمِن..إن فيكي الحُب كامِن - طارق عادل by أحــمد صـبـّار.mp3,169
1769773512,,,C:\Users\ahm_e\Downloads\Dailymotion.mp4,53
1769773662,,,C:\Users\ahm_e\Downloads\فيلم زوجة رجل مهم.mp4,73
1769775256,,,C:\Users\ahm_e\Downloads\فيلم زوجة رجل مهم.mp4,73
1769775448,,,C:\Users\ahm_e\Downloads\فيلم زوجة رجل مهم.mp4,73
1769776566,,,C:\Users\ahm_e\Downloads\فيلم زوجة رجل مهم.mp4,73
1769776943,,,C:\Users\ahm_e\Downloads\فيلم زوجة رجل مهم.mp4,73
