[00:16:23.591][info] [#0:C:/Users/ahm_e/.vscode/extensions/sumneko.lua-3.18.2-win32-x64/server\main.lua:71]: Lua Lsp startup, root: 	C:/Users/ahm_e/.vscode/extensions/sumneko.lua-3.18.2-win32-x64/server
[00:16:23.592][info] [#0:C:/Users/ahm_e/.vscode/extensions/sumneko.lua-3.18.2-win32-x64/server\main.lua:72]: ROOT:	C:/Users/ahm_e/.vscode/extensions/sumneko.lua-3.18.2-win32-x64/server
[00:16:23.592][info] [#0:C:/Users/ahm_e/.vscode/extensions/sumneko.lua-3.18.2-win32-x64/server\main.lua:73]: LOGPATH:	c:\Users\ahm_e\mpv\.lua-language-server-log
[00:16:23.592][info] [#0:C:/Users/ahm_e/.vscode/extensions/sumneko.lua-3.18.2-win32-x64/server\main.lua:74]: METAPATH:	C:/Users/ahm_e/.vscode/extensions/sumneko.lua-3.18.2-win32-x64/server/meta
[00:16:23.593][info] [#0:C:/Users/ahm_e/.vscode/extensions/sumneko.lua-3.18.2-win32-x64/server\main.lua:75]: VERSION:	3.18.2-dev
[00:16:23.638][info] [#0:script\language.lua:137]: VSC language: nil
[00:16:23.638][info] [#0:script\language.lua:138]: LS  language: en-us
[00:16:23.638][info] [#0:script\client.lua:657]: Client init	{
  capabilities = {
    textDocument = {
      completion = {
        completionItem = {
          tagSupport = {
            valueSet = { 1, 2 }
          }
        }
      }
    },
    workspace = {
      configuration = true
    }
  },
  initializationOptions = {
    changeConfiguration = true,
    trustByClient = true,
    useSemanticByRange = true,
    viewDocument = true
  },
  rootUri = "file:///c%3A/Users/ahm_e/mpv"
}
[00:16:23.638][info] [#0:script\language.lua:137]: VSC language: nil
[00:16:23.638][info] [#0:script\language.lua:138]: LS  language: en-us
[00:16:23.638][info] [#0:script\workspace\workspace.lua:38]: Workspace init root: 	file:///c%3A/Users/ahm_e/mpv
[00:16:23.638][info] [#0:script\workspace\workspace.lua:42]: Log path: 	c:/Users/ahm_e/mpv/.lua-language-server-log/file_c%3A_Users_ahm_e_mpv.log
